2019-10-25 17:50:35,106  - INFO - 选择的浏览器为: Firefox 浏览器
2019-10-25 17:50:35,106  - INFO - 打开的URL为: http://10.254.0.80:18080/webapp
2019-10-25 17:50:40,315  - INFO - 启动火狐浏览器
2019-10-25 17:50:41,160  - INFO - 打开URL: http://10.254.0.80:18080/webapp
2019-10-25 17:50:41,435  - INFO - 全屏当前窗口
2019-10-25 17:50:41,439  - INFO - 设置5秒隐式等待时间
2019-10-25 17:50:41,439  - INFO - 清空文本框内容: #emailId...
2019-10-25 17:50:42,467  - INFO - 输入内容方式 by css selector: #emailId...
2019-10-25 17:50:42,467  - INFO - 输入内容: tianjie
2019-10-25 17:50:44,517  - INFO - 清空文本框内容: #password...
2019-10-25 17:50:45,544  - INFO - 输入内容方式 by css selector: #password...
2019-10-25 17:50:45,545  - INFO - 输入内容: cetcwe123!
2019-10-25 17:50:47,587  - INFO - 点击元素 by css selector: #login-btn...
2019-10-25 17:50:58,357  - INFO - 点击元素 by css selector: body > div.container.normaluser > form > div.usercontent.container-fluid > div > div.col-md-1.leftarea > div.nav > ul > li:nth-child(4) > a...
2019-10-25 17:51:05,882  - INFO - 点击元素 by css selector: #itemsList...
2019-10-25 17:51:08,933  - INFO - 清空文本框内容: #searchForm_itemsList > div > input...
2019-10-25 17:51:27,879  - INFO - 输入内容方式 by css selector: #searchForm_itemsList > div > input...
2019-10-25 17:51:27,879  - INFO - 输入内容: 无违法违纪证明申请
2019-10-25 17:51:29,997  - INFO - 点击元素 by css selector: [title="无违法违纪证明申请"]...
2019-10-25 17:51:35,060  - INFO - 点击元素 by css selector: #handle...
