2019-10-25 17:51:49,414  - INFO - 选择的浏览器为: Firefox 浏览器
2019-10-25 17:51:49,414  - INFO - 打开的URL为: http://10.254.0.80:18080/webapp
2019-10-25 17:51:54,623  - INFO - 启动火狐浏览器
2019-10-25 17:51:55,478  - INFO - 打开URL: http://10.254.0.80:18080/webapp
2019-10-25 17:51:55,825  - INFO - 全屏当前窗口
2019-10-25 17:51:55,828  - INFO - 设置5秒隐式等待时间
2019-10-25 17:51:55,828  - INFO - 清空文本框内容: #emailId...
2019-10-25 17:51:56,856  - INFO - 输入内容方式 by css selector: #emailId...
2019-10-25 17:51:56,856  - INFO - 输入内容: tianjie
2019-10-25 17:51:58,905  - INFO - 清空文本框内容: #password...
2019-10-25 17:51:59,930  - INFO - 输入内容方式 by css selector: #password...
2019-10-25 17:51:59,931  - INFO - 输入内容: cetcwe123!
2019-10-25 17:52:01,976  - INFO - 点击元素 by css selector: #login-btn...
2019-10-25 17:52:13,102  - INFO - 点击元素 by css selector: body > div.container.normaluser > form > div.usercontent.container-fluid > div > div.col-md-1.leftarea > div.nav > ul > li:nth-child(4) > a...
2019-10-25 17:52:20,450  - INFO - 点击元素 by css selector: #itemsList...
2019-10-25 17:52:23,499  - INFO - 清空文本框内容: #searchForm_itemsList > div > input...
2019-10-25 17:52:24,529  - INFO - 输入内容方式 by css selector: #searchForm_itemsList > div > input...
2019-10-25 17:52:24,529  - INFO - 输入内容: 无违法违纪证明申请
2019-10-25 17:52:26,653  - INFO - 点击元素 by css selector: [title="无违法违纪证明申请"]...
2019-10-25 17:52:31,730  - INFO - 点击元素 by css selector: #handle...
2019-10-25 17:52:37,154  - INFO - 清空文本框内容: #docTitle...
2019-10-25 17:52:42,228  - INFO - 输入内容方式 by css selector: #docTitle...
2019-10-25 17:52:42,228  - INFO - 输入内容: 测试1571997109
2019-10-25 17:52:44,294  - INFO - 清空文本框内容: #legalRepresentative...
2019-10-25 17:52:45,321  - INFO - 输入内容方式 by css selector: #legalRepresentative...
2019-10-25 17:52:45,321  - INFO - 输入内容: 法人1571997109
2019-10-25 17:52:47,396  - INFO - 清空文本框内容: #unitAddress...
2019-10-25 17:52:48,422  - INFO - 输入内容方式 by css selector: #unitAddress...
2019-10-25 17:52:48,422  - INFO - 输入内容: 地址1571997109
2019-10-25 17:52:50,482  - INFO - 清空文本框内容: #reasonApplication...
2019-10-25 17:52:51,512  - INFO - 输入内容方式 by css selector: #reasonApplication...
2019-10-25 17:52:51,512  - INFO - 输入内容: 原因1571997109
2019-10-25 17:52:53,583  - INFO - 清空文本框内容: #remarks...
2019-10-25 17:52:54,612  - INFO - 输入内容方式 by css selector: #remarks...
2019-10-25 17:52:54,612  - INFO - 输入内容: 备注1571997109
2019-10-25 17:52:57,681  - INFO - 点击元素 by css selector: #noFlowSaveAndClose > button.btn.btn-success...
2019-10-25 17:53:20,373  - INFO - 关闭浏览器窗口
2019-10-25 17:53:20,380  - INFO - 点击元素 by xpath: /html/body/div[3]/form/div[1]/div/div[3]/div[1]/ul/li[1]/i...
2019-10-25 17:54:24,984  - INFO - 清空文本框内容: #emailId...
2019-10-25 17:54:26,014  - INFO - 输入内容方式 by css selector: #emailId...
2019-10-25 17:54:26,014  - INFO - 输入内容: tianj
2019-10-25 17:54:28,053  - INFO - 清空文本框内容: #password...
2019-10-25 17:54:29,084  - INFO - 输入内容方式 by css selector: #password...
2019-10-25 17:54:29,084  - INFO - 输入内容: cetcwe123!
2019-10-25 17:54:31,122  - INFO - 点击元素 by css selector: #login-btn...
2019-10-25 17:54:39,114  - INFO - 点击元素 by css selector: #todo-section > a.more...
2019-10-25 17:54:41,648  - INFO - 清空文本框内容: #search_div_active > input...
2019-10-25 17:54:42,699  - INFO - 输入内容方式 by css selector: #search_div_active > input...
2019-10-25 17:54:42,699  - INFO - 输入内容: 测试1571997109
2019-10-25 17:54:44,750  - INFO - 点击元素 by css selector: #searchButton_active...
2019-10-25 17:54:47,478  - INFO - 点击元素 by css selector: [title=测试1571997109...
2019-10-25 17:55:05,226  - INFO - 点击元素 by css selector: #control2_view > button:nth-child(4)...
2019-10-25 17:55:08,114  - INFO - 页面已截图，截图的路径在项目: /screenshots路径下
