2019-10-25 17:13:21,971  - INFO - 选择的浏览器为: Firefox 浏览器
2019-10-25 17:13:21,972  - INFO - 打开的URL为: http://10.254.0.80:18080/webapp
2019-10-25 17:13:27,187  - INFO - 启动火狐浏览器
2019-10-25 17:13:27,986  - INFO - 打开URL: http://10.254.0.80:18080/webapp
2019-10-25 17:13:28,258  - INFO - 全屏当前窗口
2019-10-25 17:13:28,261  - INFO - 设置5秒隐式等待时间
2019-10-25 17:13:28,261  - INFO - 清空文本框内容: #emailId...
2019-10-25 17:13:29,289  - INFO - 输入内容方式 by css selector: #emailId...
2019-10-25 17:13:29,289  - INFO - 输入内容: tianjie
2019-10-25 17:13:31,339  - INFO - 清空文本框内容: #password...
2019-10-25 17:13:32,365  - INFO - 输入内容方式 by css selector: #password...
2019-10-25 17:13:32,366  - INFO - 输入内容: cetcwe123!
2019-10-25 17:13:34,408  - INFO - 点击元素 by css selector: #login-btn...
2019-10-25 17:13:45,330  - INFO - 点击元素 by css selector: body > div.container.normaluser > form > div.usercontent.container-fluid > div > div.col-md-1.leftarea > div.nav > ul > li:nth-child(4) > a...
2019-10-25 17:13:52,651  - INFO - 点击元素 by css selector: #itemsList...
2019-10-25 17:13:55,710  - INFO - 清空文本框内容: #searchForm_itemsList > div > input...
2019-10-25 17:13:56,738  - INFO - 输入内容方式 by css selector: #searchForm_itemsList > div > input...
2019-10-25 17:13:56,738  - INFO - 输入内容: 无违法违纪证明申请
2019-10-25 17:13:58,833  - INFO - 点击元素 by css selector: [title="无违法违纪证明申请"]...
2019-10-25 17:14:03,902  - INFO - 点击元素 by css selector: #handle...
2019-10-25 17:14:09,284  - INFO - 清空文本框内容: #docTitle...
2019-10-25 17:14:10,310  - INFO - 输入内容方式 by css selector: #docTitle...
2019-10-25 17:14:10,310  - INFO - 输入内容: 测试1571994801
2019-10-25 17:14:12,366  - INFO - 清空文本框内容: #legalRepresentative...
2019-10-25 17:14:13,395  - INFO - 输入内容方式 by css selector: #legalRepresentative...
2019-10-25 17:14:13,395  - INFO - 输入内容: 法人1571994801
2019-10-25 17:14:15,452  - INFO - 清空文本框内容: #unitAddress...
2019-10-25 17:14:16,483  - INFO - 输入内容方式 by css selector: #unitAddress...
2019-10-25 17:14:16,483  - INFO - 输入内容: 地址1571994801
2019-10-25 17:14:18,531  - INFO - 清空文本框内容: #reasonApplication...
2019-10-25 17:14:19,561  - INFO - 输入内容方式 by css selector: #reasonApplication...
2019-10-25 17:14:19,561  - INFO - 输入内容: 原因1571994801
2019-10-25 17:14:21,609  - INFO - 清空文本框内容: #remarks...
2019-10-25 17:14:22,634  - INFO - 输入内容方式 by css selector: #remarks...
2019-10-25 17:14:22,634  - INFO - 输入内容: 备注1571994801
2019-10-25 17:14:25,677  - INFO - 点击元素 by css selector: #noFlowSaveAndClose > button.btn.btn-success...
2019-10-25 17:14:48,053  - INFO - 关闭浏览器窗口
2019-10-25 17:14:48,058  - INFO - 点击元素 by xpath: /html/body/div[3]/form/div[1]/div/div[3]/div[1]/ul/li[1]/i...
2019-10-25 17:15:52,611  - INFO - 清空文本框内容: #emailId...
2019-10-25 17:15:53,655  - INFO - 输入内容方式 by css selector: #emailId...
2019-10-25 17:15:53,655  - INFO - 输入内容: tianj
2019-10-25 17:15:55,695  - INFO - 清空文本框内容: #password...
2019-10-25 17:15:56,725  - INFO - 输入内容方式 by css selector: #password...
2019-10-25 17:15:56,725  - INFO - 输入内容: cetcwe123!
2019-10-25 17:15:58,763  - INFO - 点击元素 by css selector: #login-btn...
2019-10-25 17:16:06,614  - INFO - 点击元素 by css selector: #todo-section > a.more...
2019-10-25 17:16:08,975  - INFO - 清空文本框内容: #search_div_active > input...
2019-10-25 17:16:10,003  - INFO - 输入内容方式 by css selector: #search_div_active > input...
2019-10-25 17:16:10,003  - INFO - 输入内容: 测试1571994801
2019-10-25 17:16:12,042  - INFO - 点击元素 by css selector: #searchButton_active...
2019-10-25 17:16:14,298  - INFO - 点击元素 by css selector: [title=测试1571994801...
2019-10-25 17:16:31,594  - INFO - 点击元素 by css selector: #control2_view > button:nth-child(4)...
2019-10-25 17:16:34,110  - INFO - 页面已截图，截图的路径在项目: /screenshots路径下
