2019-10-25 15:42:38,383  - INFO - 选择的浏览器为: Firefox 浏览器
2019-10-25 15:42:38,383  - INFO - 打开的URL为: http://10.254.0.80:18080/webapp
2019-10-25 15:42:44,138  - INFO - 启动火狐浏览器
2019-10-25 15:42:49,771  - INFO - 打开URL: http://10.254.0.80:18080/webapp
2019-10-25 15:42:50,034  - INFO - 全屏当前窗口
2019-10-25 15:42:50,037  - INFO - 设置5秒隐式等待时间
2019-10-25 15:42:55,039  - INFO - 清空文本框内容: #emailId...
2019-10-25 15:42:56,074  - INFO - 输入内容方式 by css selector: #emailId...
2019-10-25 15:42:56,074  - INFO - 输入内容: tianj
2019-10-25 15:42:58,133  - INFO - 清空文本框内容: #password...
2019-10-25 15:42:59,175  - INFO - 输入内容方式 by css selector: #password...
2019-10-25 15:42:59,176  - INFO - 输入内容: cetcwe123!
2019-10-25 15:43:01,224  - INFO - 点击元素 by css selector: #login-btn...
2019-10-25 15:43:13,473  - INFO - 点击元素 by css selector: #todo-section > a.more...
2019-10-25 15:43:15,644  - INFO - 清空文本框内容: #search_div_active > input...
2019-10-25 15:43:28,803  - INFO - 输入内容方式 by css selector: #search_div_active > input...
2019-10-25 15:43:28,803  - INFO - 输入内容: 测试1571988312
2019-10-25 15:43:33,868  - INFO - 点击元素 by css selector: #searchButton_active...
2019-10-25 15:43:39,120  - INFO - 点击元素 by css selector: 测试1571988312...
2019-10-25 15:44:12,184  - WARNING - 查找元素超时: 测试1571988312
