2019-10-25 15:20:53,926  - INFO - 选择的浏览器为: Firefox 浏览器
2019-10-25 15:20:53,927  - INFO - 打开的URL为: http://10.254.0.80:18080/webapp
2019-10-25 15:20:59,129  - INFO - 启动火狐浏览器
2019-10-25 15:21:00,270  - INFO - 打开URL: http://10.254.0.80:18080/webapp
2019-10-25 15:21:00,578  - INFO - 全屏当前窗口
2019-10-25 15:21:00,583  - INFO - 设置5秒隐式等待时间
2019-10-25 15:21:00,583  - INFO - 清空文本框内容: #emailId...
2019-10-25 15:21:01,616  - INFO - 输入内容方式 by css selector: #emailId...
2019-10-25 15:21:01,616  - INFO - 输入内容: tianjie
2019-10-25 15:21:03,659  - INFO - 清空文本框内容: #password...
2019-10-25 15:21:04,689  - INFO - 输入内容方式 by css selector: #password...
2019-10-25 15:21:04,691  - INFO - 输入内容: cetcwe123!
2019-10-25 15:21:06,729  - INFO - 点击元素 by css selector: #login-btn...
2019-10-25 15:21:22,341  - INFO - 点击元素 by css selector: body > div.container.normaluser > form > div.usercontent.container-fluid > div > div.col-md-1.leftarea > div.nav > ul > li:nth-child(4) > a...
2019-10-25 15:21:25,554  - INFO - 点击元素 by css selector: #itemsList...
2019-10-25 15:21:30,494  - INFO - 清空文本框内容: #searchForm_itemsList > div > input...
2019-10-25 15:22:03,547  - WARNING - 查找元素超时: #searchForm_itemsList > div > input
2019-10-25 15:22:03,650  - INFO - 选择的浏览器为: Firefox 浏览器
2019-10-25 15:22:03,650  - INFO - 打开的URL为: http://10.254.0.80:18080/webapp
2019-10-25 15:22:08,872  - INFO - 启动火狐浏览器
2019-10-25 15:22:09,955  - INFO - 打开URL: http://10.254.0.80:18080/webapp
2019-10-25 15:22:10,216  - INFO - 全屏当前窗口
2019-10-25 15:22:10,220  - INFO - 设置5秒隐式等待时间
2019-10-25 15:22:10,221  - INFO - 清空文本框内容: #emailId...
2019-10-25 15:22:11,254  - INFO - 输入内容方式 by css selector: #emailId...
2019-10-25 15:22:11,254  - INFO - 输入内容: tianjie
2019-10-25 15:22:13,325  - INFO - 清空文本框内容: #password...
2019-10-25 15:22:14,355  - INFO - 输入内容方式 by css selector: #password...
2019-10-25 15:22:14,355  - INFO - 输入内容: cetcwe123!
2019-10-25 15:22:16,401  - INFO - 点击元素 by css selector: #login-btn...
2019-10-25 15:22:32,668  - INFO - 点击元素 by css selector: body > div.container.normaluser > form > div.usercontent.container-fluid > div > div.col-md-1.leftarea > div.nav > ul > li:nth-child(4) > a...
2019-10-25 15:22:35,955  - INFO - 点击元素 by css selector: #itemsList...
2019-10-25 15:22:40,091  - INFO - 清空文本框内容: #searchForm_itemsList > div > input...
2019-10-25 15:23:13,180  - WARNING - 查找元素超时: #searchForm_itemsList > div > input
