2019-10-24 20:11:51,093  - INFO - 选择的浏览器为: Chrome 浏览器
2019-10-24 20:11:51,093  - INFO - 打开的URL为: http://10.254.0.80:18080/webapp
2019-10-24 20:11:56,234  - INFO - 启动谷歌浏览器
2019-10-24 20:11:57,075  - INFO - 打开URL: http://10.254.0.80:18080/webapp
2019-10-24 20:12:01,198  - INFO - 全屏当前窗口
2019-10-24 20:12:01,200  - INFO - 设置5秒隐式等待时间
2019-10-24 20:12:01,200  - INFO - 清空文本框内容: #emailId...
2019-10-24 20:12:02,272  - INFO - 输入内容方式 by css selector: #emailId...
2019-10-24 20:12:02,272  - INFO - 输入内容: tianjie
2019-10-24 20:12:04,369  - INFO - 清空文本框内容: #password...
2019-10-24 20:12:05,421  - INFO - 输入内容方式 by css selector: #password...
2019-10-24 20:12:05,422  - INFO - 输入内容: cetcwe123!
2019-10-24 20:12:07,504  - INFO - 点击元素 by css selector: #login-btn...
2019-10-24 20:12:14,577  - INFO - 点击元素 by css selector: body > div.container.normaluser > form > div.usercontent.container-fluid > div > div.col-md-1.leftarea > div.nav > ul > li:nth-child(4) > a...
2019-10-24 20:12:21,738  - INFO - 点击元素 by css selector: #itemsList...
2019-10-24 20:12:27,631  - INFO - 清空文本框内容: #searchForm_itemsList > div > input...
2019-10-24 20:12:28,691  - INFO - 输入内容方式 by css selector: #searchForm_itemsList > div > input...
2019-10-24 20:12:28,691  - INFO - 输入内容: 无违法违纪证明申请
2019-10-24 20:12:30,834  - INFO - 点击元素 by css selector: [title="无违法违纪证明申请"]...
2019-10-24 20:12:39,012  - INFO - 点击元素 by css selector: #handle...
2019-10-24 20:12:48,250  - INFO - 清空文本框内容: #docTitle...
2019-10-24 20:12:49,299  - INFO - 输入内容方式 by css selector: #docTitle...
2019-10-24 20:12:49,299  - INFO - 输入内容: 测试1571919111
2019-10-24 20:12:51,461  - INFO - 清空文本框内容: #legalRepresentative...
2019-10-24 20:12:52,508  - INFO - 输入内容方式 by css selector: #legalRepresentative...
2019-10-24 20:12:52,508  - INFO - 输入内容: 法人1571919111
2019-10-24 20:12:54,673  - INFO - 清空文本框内容: #unitAddress...
2019-10-24 20:12:55,720  - INFO - 输入内容方式 by css selector: #unitAddress...
2019-10-24 20:12:55,720  - INFO - 输入内容: 地址1571919111
2019-10-24 20:12:57,859  - INFO - 清空文本框内容: #reasonApplication...
2019-10-24 20:12:58,907  - INFO - 输入内容方式 by css selector: #reasonApplication...
2019-10-24 20:12:58,907  - INFO - 输入内容: 原因1571919111
2019-10-24 20:13:01,007  - INFO - 清空文本框内容: #remarks...
2019-10-24 20:13:02,059  - INFO - 输入内容方式 by css selector: #remarks...
2019-10-24 20:13:02,059  - INFO - 输入内容: 备注1571919111
2019-10-24 20:13:05,160  - INFO - 点击元素 by css selector: #noFlowSaveAndClose > button.btn.btn-success...
2019-10-24 20:13:27,327  - INFO - 关闭浏览器窗口
2019-10-24 20:13:27,337  - INFO - 点击元素 by xpath: /html/body/div[3]/form/div[1]/div/div[3]/div[1]/ul/li[1]/i...
2019-10-24 20:15:32,422  - INFO - 清空文本框内容: #emailId...
2019-10-24 20:15:33,477  - INFO - 输入内容方式 by css selector: #emailId...
2019-10-24 20:15:33,477  - INFO - 输入内容: tianj
2019-10-24 20:15:35,568  - INFO - 清空文本框内容: #password...
2019-10-24 20:15:36,625  - INFO - 输入内容方式 by css selector: #password...
2019-10-24 20:15:36,625  - INFO - 输入内容: cetcwe123!
2019-10-24 20:15:38,713  - INFO - 点击元素 by css selector: #login-btn...
2019-10-24 20:15:45,779  - INFO - 点击元素 by css selector: #todo-section > a.more...
2019-10-24 20:15:51,938  - INFO - 清空文本框内容: #search_div_active > input...
2019-10-24 20:15:52,987  - INFO - 输入内容方式 by css selector: #search_div_active > input...
2019-10-24 20:15:52,987  - INFO - 输入内容: 测试1571919111
2019-10-24 20:15:55,108  - INFO - 点击元素 by css selector: #searchButton_active...
2019-10-24 20:15:57,179  - INFO - 点击元素 by css selector: [title=测试1571919111...
2019-10-24 20:16:08,306  - INFO - 点击元素 by css selector: #control2_view > button:nth-child(4)...
2019-10-24 20:16:10,792  - INFO - 页面已截图，截图的路径在项目: /screenshots路径下
