2019-10-25 10:38:36,209  - INFO - 选择的浏览器为: Firefox 浏览器
2019-10-25 10:38:36,209  - INFO - 打开的URL为: http://10.254.0.80:18080/webapp
2019-10-25 10:38:42,417  - INFO - 启动火狐浏览器
2019-10-25 10:38:43,379  - INFO - 打开URL: http://10.254.0.80:18080/webapp
2019-10-25 10:38:43,656  - INFO - 全屏当前窗口
2019-10-25 10:38:43,667  - INFO - 设置5秒隐式等待时间
2019-10-25 10:38:43,667  - INFO - 清空文本框内容: #emailId...
2019-10-25 10:38:44,710  - INFO - 输入内容方式 by css selector: #emailId...
2019-10-25 10:38:44,710  - INFO - 输入内容: tianjie
2019-10-25 10:38:46,762  - INFO - 清空文本框内容: #password...
2019-10-25 10:38:47,787  - INFO - 输入内容方式 by css selector: #password...
2019-10-25 10:38:47,788  - INFO - 输入内容: cetcwe123!
2019-10-25 10:38:49,831  - INFO - 点击元素 by css selector: #login-btn...
2019-10-25 10:39:00,946  - INFO - 点击元素 by css selector: body > div.container.normaluser > form > div.usercontent.container-fluid > div > div.col-md-1.leftarea > div.nav > ul > li:nth-child(4) > a...
2019-10-25 10:39:04,320  - INFO - 点击元素 by css selector: #itemsList...
2019-10-25 10:39:07,370  - INFO - 清空文本框内容: #searchForm_itemsList > div > input...
2019-10-25 10:39:08,400  - INFO - 输入内容方式 by css selector: #searchForm_itemsList > div > input...
2019-10-25 10:39:08,400  - INFO - 输入内容: 无违法违纪证明申请
2019-10-25 10:39:10,514  - INFO - 点击元素 by css selector: [title="无违法违纪证明申请"]...
2019-10-25 10:39:15,591  - INFO - 点击元素 by css selector: #handle...
2019-10-25 10:39:20,983  - INFO - 清空文本框内容: #docTitle...
2019-10-25 10:39:22,010  - INFO - 输入内容方式 by css selector: #docTitle...
2019-10-25 10:39:22,010  - INFO - 输入内容: 测试1571971116
2019-10-25 10:39:24,075  - INFO - 清空文本框内容: #legalRepresentative...
2019-10-25 10:39:25,103  - INFO - 输入内容方式 by css selector: #legalRepresentative...
2019-10-25 10:39:25,103  - INFO - 输入内容: 法人1571971116
2019-10-25 10:39:27,174  - INFO - 清空文本框内容: #unitAddress...
2019-10-25 10:39:28,201  - INFO - 输入内容方式 by css selector: #unitAddress...
2019-10-25 10:39:28,201  - INFO - 输入内容: 地址1571971116
2019-10-25 10:39:30,261  - INFO - 清空文本框内容: #reasonApplication...
2019-10-25 10:39:31,287  - INFO - 输入内容方式 by css selector: #reasonApplication...
2019-10-25 10:39:31,287  - INFO - 输入内容: 原因1571971116
2019-10-25 10:39:33,341  - INFO - 清空文本框内容: #remarks...
2019-10-25 10:39:34,366  - INFO - 输入内容方式 by css selector: #remarks...
2019-10-25 10:39:34,366  - INFO - 输入内容: 备注1571971116
2019-10-25 10:39:37,420  - INFO - 点击元素 by css selector: #noFlowSaveAndClose > button.btn.btn-success...
2019-10-25 10:39:59,788  - INFO - 关闭浏览器窗口
2019-10-25 10:39:59,792  - INFO - 点击元素 by xpath: /html/body/div[3]/form/div[1]/div/div[3]/div[1]/ul/li[1]/i...
2019-10-25 10:42:04,426  - INFO - 清空文本框内容: #emailId...
2019-10-25 10:42:05,458  - INFO - 输入内容方式 by css selector: #emailId...
2019-10-25 10:42:05,458  - INFO - 输入内容: tianj
2019-10-25 10:42:07,495  - INFO - 清空文本框内容: #password...
2019-10-25 10:42:08,525  - INFO - 输入内容方式 by css selector: #password...
2019-10-25 10:42:08,525  - INFO - 输入内容: cetcwe123!
2019-10-25 10:42:10,564  - INFO - 点击元素 by css selector: #login-btn...
2019-10-25 10:42:18,394  - INFO - 点击元素 by css selector: #todo-section > a.more...
2019-10-25 10:42:20,577  - INFO - 清空文本框内容: #search_div_active > input...
2019-10-25 10:42:21,612  - INFO - 输入内容方式 by css selector: #search_div_active > input...
2019-10-25 10:42:21,612  - INFO - 输入内容: 测试1571971116
2019-10-25 10:42:23,664  - INFO - 点击元素 by css selector: #searchButton_active...
2019-10-25 10:42:25,910  - INFO - 点击元素 by css selector: [title=测试1571971116...
2019-10-25 10:42:33,184  - INFO - 点击元素 by css selector: #control2_view > button:nth-child(4)...
2019-10-25 10:42:35,621  - INFO - 页面已截图，截图的路径在项目: /screenshots路径下
