2019-10-25 15:34:13,671  - INFO - 选择的浏览器为: Firefox 浏览器
2019-10-25 15:34:13,672  - INFO - 打开的URL为: http://10.254.0.80:18080/webapp
2019-10-25 15:34:19,397  - INFO - 启动火狐浏览器
2019-10-25 15:34:21,387  - INFO - 打开URL: http://10.254.0.80:18080/webapp
2019-10-25 15:34:21,651  - INFO - 全屏当前窗口
2019-10-25 15:34:21,661  - INFO - 设置5秒隐式等待时间
2019-10-25 15:34:26,662  - INFO - 清空文本框内容: #emailId...
2019-10-25 15:34:27,696  - INFO - 输入内容方式 by css selector: #emailId...
2019-10-25 15:34:27,696  - INFO - 输入内容: tianj
2019-10-25 15:34:29,741  - INFO - 清空文本框内容: #password...
2019-10-25 15:34:30,799  - INFO - 输入内容方式 by css selector: #password...
2019-10-25 15:34:30,800  - INFO - 输入内容: cetcwe123!
2019-10-25 15:34:32,842  - INFO - 点击元素 by css selector: #login-btn...
2019-10-25 15:35:06,814  - INFO - 点击元素 by css selector: #todo-section > a.more...
2019-10-25 15:35:09,009  - INFO - 清空文本框内容: #search_div_active > input...
2019-10-25 15:35:11,408  - INFO - 输入内容方式 by css selector: #search_div_active > input...
2019-10-25 15:35:11,408  - INFO - 输入内容: 测试1571988312
2019-10-25 15:35:13,457  - INFO - 点击元素 by css selector: #searchButton_active...
2019-10-25 15:35:15,714  - INFO - 点击元素 by css selector: [title=测试1571988853...
2019-10-25 15:35:48,782  - WARNING - 查找元素超时: [title=测试1571988853
