2019-10-25 17:05:35,264  - INFO - 选择的浏览器为: Firefox 浏览器
2019-10-25 17:05:35,264  - INFO - 打开的URL为: http://10.254.0.80:18080/webapp
2019-10-25 17:05:40,962  - INFO - 启动火狐浏览器
2019-10-25 17:05:41,833  - INFO - 打开URL: http://10.254.0.80:18080/webapp
2019-10-25 17:05:42,111  - INFO - 全屏当前窗口
2019-10-25 17:05:42,113  - INFO - 设置5秒隐式等待时间
2019-10-25 17:05:42,113  - INFO - 清空文本框内容: #emailId...
2019-10-25 17:05:43,143  - INFO - 输入内容方式 by css selector: #emailId...
2019-10-25 17:05:43,143  - INFO - 输入内容: tianjie
2019-10-25 17:05:45,192  - INFO - 清空文本框内容: #password...
2019-10-25 17:05:46,237  - INFO - 输入内容方式 by css selector: #password...
2019-10-25 17:05:46,238  - INFO - 输入内容: cetcwe123!
2019-10-25 17:05:48,278  - INFO - 点击元素 by css selector: #login-btn...
2019-10-25 17:05:59,042  - INFO - 点击元素 by css selector: body > div.container.normaluser > form > div.usercontent.container-fluid > div > div.col-md-1.leftarea > div.nav > ul > li:nth-child(4) > a...
2019-10-25 17:06:06,269  - INFO - 点击元素 by css selector: #itemsList...
2019-10-25 17:06:09,316  - INFO - 清空文本框内容: #searchForm_itemsList > div > input...
2019-10-25 17:06:10,348  - INFO - 输入内容方式 by css selector: #searchForm_itemsList > div > input...
2019-10-25 17:06:10,348  - INFO - 输入内容: 无违法违纪证明申请
2019-10-25 17:06:12,475  - INFO - 点击元素 by css selector: [title="无违法违纪证明申请"]...
2019-10-25 17:06:17,550  - INFO - 点击元素 by css selector: #handle...
2019-10-25 17:06:22,921  - INFO - 清空文本框内容: #docTitle...
2019-10-25 17:06:23,949  - INFO - 输入内容方式 by css selector: #docTitle...
2019-10-25 17:06:23,949  - INFO - 输入内容: 测试1571994335
2019-10-25 17:06:26,013  - INFO - 清空文本框内容: #legalRepresentative...
2019-10-25 17:06:27,043  - INFO - 输入内容方式 by css selector: #legalRepresentative...
2019-10-25 17:06:27,043  - INFO - 输入内容: 法人1571994335
2019-10-25 17:06:29,113  - INFO - 清空文本框内容: #unitAddress...
2019-10-25 17:06:30,138  - INFO - 输入内容方式 by css selector: #unitAddress...
2019-10-25 17:06:30,138  - INFO - 输入内容: 地址1571994335
2019-10-25 17:06:32,209  - INFO - 清空文本框内容: #reasonApplication...
2019-10-25 17:06:33,233  - INFO - 输入内容方式 by css selector: #reasonApplication...
2019-10-25 17:06:33,233  - INFO - 输入内容: 原因1571994335
2019-10-25 17:06:35,304  - INFO - 清空文本框内容: #remarks...
2019-10-25 17:06:36,347  - INFO - 输入内容方式 by css selector: #remarks...
2019-10-25 17:06:36,347  - INFO - 输入内容: 备注1571994335
2019-10-25 17:06:39,410  - INFO - 点击元素 by css selector: #noFlowSaveAndClose > button.btn.btn-success...
2019-10-25 17:07:01,921  - INFO - 关闭浏览器窗口
2019-10-25 17:07:01,928  - INFO - 点击元素 by xpath: /html/body/div[3]/form/div[1]/div/div[3]/div[1]/ul/li[1]/i...
2019-10-25 17:08:06,406  - INFO - 清空文本框内容: #emailId...
2019-10-25 17:08:07,435  - INFO - 输入内容方式 by css selector: #emailId...
2019-10-25 17:08:07,435  - INFO - 输入内容: tianj
2019-10-25 17:08:09,475  - INFO - 清空文本框内容: #password...
2019-10-25 17:08:10,513  - INFO - 输入内容方式 by css selector: #password...
2019-10-25 17:08:10,513  - INFO - 输入内容: cetcwe123!
2019-10-25 17:08:12,553  - INFO - 点击元素 by css selector: #login-btn...
2019-10-25 17:08:20,286  - INFO - 点击元素 by css selector: #todo-section > a.more...
2019-10-25 17:08:22,518  - INFO - 清空文本框内容: #search_div_active > input...
2019-10-25 17:08:23,546  - INFO - 输入内容方式 by css selector: #search_div_active > input...
2019-10-25 17:08:23,546  - INFO - 输入内容: 测试1571994335
2019-10-25 17:08:25,590  - INFO - 点击元素 by css selector: #searchButton_active...
2019-10-25 17:08:27,849  - INFO - 点击元素 by css selector: [title=测试1571994335...
2019-10-25 17:08:50,146  - INFO - 选择的浏览器为: Firefox 浏览器
2019-10-25 17:08:50,146  - INFO - 打开的URL为: http://10.254.0.80:18080/webapp
2019-10-25 17:08:55,341  - INFO - 启动火狐浏览器
2019-10-25 17:08:56,225  - INFO - 打开URL: http://10.254.0.80:18080/webapp
2019-10-25 17:08:56,505  - INFO - 全屏当前窗口
2019-10-25 17:08:56,507  - INFO - 设置5秒隐式等待时间
2019-10-25 17:09:01,507  - INFO - 清空文本框内容: #emailId...
2019-10-25 17:09:02,543  - INFO - 输入内容方式 by css selector: #emailId...
2019-10-25 17:09:02,543  - INFO - 输入内容: tianj
2019-10-25 17:09:04,594  - INFO - 清空文本框内容: #password...
2019-10-25 17:09:05,627  - INFO - 输入内容方式 by css selector: #password...
2019-10-25 17:09:05,627  - INFO - 输入内容: cetcwe123!
2019-10-25 17:09:07,677  - INFO - 点击元素 by css selector: #login-btn...
2019-10-25 17:09:27,960  - INFO - 点击元素 by css selector: #todo-section > a.more...
2019-10-25 17:09:30,155  - INFO - 清空文本框内容: #search_div_active > input...
2019-10-25 17:09:31,182  - INFO - 输入内容方式 by css selector: #search_div_active > input...
2019-10-25 17:09:31,182  - INFO - 输入内容: 测试1571988312
2019-10-25 17:09:36,232  - INFO - 点击元素 by css selector: #searchButton_active...
2019-10-25 17:09:41,490  - INFO - 点击元素 by css selector: [title='测试1571988312']...
