2019-10-25 16:51:35,200  - INFO - 选择的浏览器为: Firefox 浏览器
2019-10-25 16:51:35,200  - INFO - 打开的URL为: http://10.254.0.80:18080/webapp
2019-10-25 16:51:40,311  - INFO - 启动火狐浏览器
2019-10-25 16:51:41,080  - INFO - 打开URL: http://10.254.0.80:18080/webapp
2019-10-25 16:51:41,354  - INFO - 全屏当前窗口
2019-10-25 16:51:41,356  - INFO - 设置5秒隐式等待时间
2019-10-25 16:51:41,357  - INFO - 清空文本框内容: #emailId...
2019-10-25 16:51:42,388  - INFO - 输入内容方式 by css selector: #emailId...
2019-10-25 16:51:42,388  - INFO - 输入内容: tianjie
2019-10-25 16:51:44,439  - INFO - 清空文本框内容: #password...
2019-10-25 16:51:45,465  - INFO - 输入内容方式 by css selector: #password...
2019-10-25 16:51:45,466  - INFO - 输入内容: cetcwe123!
2019-10-25 16:51:47,518  - INFO - 点击元素 by css selector: #login-btn...
2019-10-25 16:51:57,971  - INFO - 点击元素 by css selector: body > div.container.normaluser > form > div.usercontent.container-fluid > div > div.col-md-1.leftarea > div.nav > ul > li:nth-child(4) > a...
2019-10-25 16:52:05,176  - INFO - 点击元素 by css selector: #itemsList...
2019-10-25 16:52:08,222  - INFO - 清空文本框内容: #searchForm_itemsList > div > input...
2019-10-25 16:52:09,256  - INFO - 输入内容方式 by css selector: #searchForm_itemsList > div > input...
2019-10-25 16:52:09,256  - INFO - 输入内容: 无违法违纪证明申请
2019-10-25 16:52:11,373  - INFO - 点击元素 by css selector: [title="无违法违纪证明申请"]...
2019-10-25 16:52:16,476  - INFO - 点击元素 by css selector: #handle...
2019-10-25 16:52:21,856  - INFO - 清空文本框内容: #docTitle...
2019-10-25 16:52:22,884  - INFO - 输入内容方式 by css selector: #docTitle...
2019-10-25 16:52:22,884  - INFO - 输入内容: 测试1571993495
2019-10-25 16:52:24,949  - INFO - 清空文本框内容: #legalRepresentative...
2019-10-25 16:52:25,982  - INFO - 输入内容方式 by css selector: #legalRepresentative...
2019-10-25 16:52:25,982  - INFO - 输入内容: 法人1571993495
2019-10-25 16:52:28,052  - INFO - 清空文本框内容: #unitAddress...
2019-10-25 16:52:29,078  - INFO - 输入内容方式 by css selector: #unitAddress...
2019-10-25 16:52:29,078  - INFO - 输入内容: 地址1571993495
2019-10-25 16:52:31,152  - INFO - 清空文本框内容: #reasonApplication...
2019-10-25 16:52:32,178  - INFO - 输入内容方式 by css selector: #reasonApplication...
2019-10-25 16:52:32,178  - INFO - 输入内容: 原因1571993495
2019-10-25 16:52:34,253  - INFO - 清空文本框内容: #remarks...
2019-10-25 16:52:35,278  - INFO - 输入内容方式 by css selector: #remarks...
2019-10-25 16:52:35,278  - INFO - 输入内容: 备注1571993495
2019-10-25 16:52:38,338  - INFO - 点击元素 by css selector: #noFlowSaveAndClose > button.btn.btn-success...
2019-10-25 16:53:00,733  - INFO - 关闭浏览器窗口
2019-10-25 16:53:00,739  - INFO - 点击元素 by xpath: /html/body/div[3]/form/div[1]/div/div[3]/div[1]/ul/li[1]/i...
2019-10-25 16:54:05,208  - INFO - 清空文本框内容: #emailId...
2019-10-25 16:54:06,239  - INFO - 输入内容方式 by css selector: #emailId...
2019-10-25 16:54:06,239  - INFO - 输入内容: tianj
2019-10-25 16:54:08,280  - INFO - 清空文本框内容: #password...
2019-10-25 16:54:09,310  - INFO - 输入内容方式 by css selector: #password...
2019-10-25 16:54:09,310  - INFO - 输入内容: cetcwe123!
2019-10-25 16:54:11,354  - INFO - 点击元素 by css selector: #login-btn...
2019-10-25 16:54:19,086  - INFO - 点击元素 by css selector: #todo-section > a.more...
2019-10-25 16:54:21,305  - INFO - 清空文本框内容: #search_div_active > input...
2019-10-25 16:54:22,329  - INFO - 输入内容方式 by css selector: #search_div_active > input...
2019-10-25 16:54:22,329  - INFO - 输入内容: 测试1571993495
2019-10-25 16:54:24,381  - INFO - 点击元素 by css selector: #searchButton_active...
2019-10-25 16:54:26,634  - INFO - 点击元素 by css selector: [title=测试1571993495...
