2019-10-25 16:59:38,524  - INFO - 选择的浏览器为: Firefox 浏览器
2019-10-25 16:59:38,524  - INFO - 打开的URL为: http://10.254.0.80:18080/webapp
2019-10-25 16:59:43,746  - INFO - 启动火狐浏览器
2019-10-25 16:59:44,517  - INFO - 打开URL: http://10.254.0.80:18080/webapp
2019-10-25 16:59:44,786  - INFO - 全屏当前窗口
2019-10-25 16:59:44,788  - INFO - 设置5秒隐式等待时间
2019-10-25 16:59:44,788  - INFO - 清空文本框内容: #emailId...
2019-10-25 16:59:45,817  - INFO - 输入内容方式 by css selector: #emailId...
2019-10-25 16:59:45,817  - INFO - 输入内容: tianjie
2019-10-25 16:59:47,865  - INFO - 清空文本框内容: #password...
2019-10-25 16:59:48,893  - INFO - 输入内容方式 by css selector: #password...
2019-10-25 16:59:48,894  - INFO - 输入内容: cetcwe123!
2019-10-25 16:59:50,937  - INFO - 点击元素 by css selector: #login-btn...
2019-10-25 17:00:01,586  - INFO - 点击元素 by css selector: body > div.container.normaluser > form > div.usercontent.container-fluid > div > div.col-md-1.leftarea > div.nav > ul > li:nth-child(4) > a...
2019-10-25 17:00:08,808  - INFO - 点击元素 by css selector: #itemsList...
2019-10-25 17:00:11,858  - INFO - 清空文本框内容: #searchForm_itemsList > div > input...
2019-10-25 17:00:12,892  - INFO - 输入内容方式 by css selector: #searchForm_itemsList > div > input...
2019-10-25 17:00:12,892  - INFO - 输入内容: 无违法违纪证明申请
2019-10-25 17:00:15,005  - INFO - 点击元素 by css selector: [title="无违法违纪证明申请"]...
2019-10-25 17:00:20,081  - INFO - 点击元素 by css selector: #handle...
2019-10-25 17:00:25,495  - INFO - 清空文本框内容: #docTitle...
2019-10-25 17:00:26,526  - INFO - 输入内容方式 by css selector: #docTitle...
2019-10-25 17:00:26,526  - INFO - 输入内容: 测试1571993978
2019-10-25 17:00:28,586  - INFO - 清空文本框内容: #legalRepresentative...
2019-10-25 17:00:29,613  - INFO - 输入内容方式 by css selector: #legalRepresentative...
2019-10-25 17:00:29,613  - INFO - 输入内容: 法人1571993978
2019-10-25 17:00:31,684  - INFO - 清空文本框内容: #unitAddress...
2019-10-25 17:00:32,711  - INFO - 输入内容方式 by css selector: #unitAddress...
2019-10-25 17:00:32,711  - INFO - 输入内容: 地址1571993978
2019-10-25 17:00:34,771  - INFO - 清空文本框内容: #reasonApplication...
2019-10-25 17:00:35,794  - INFO - 输入内容方式 by css selector: #reasonApplication...
2019-10-25 17:00:35,794  - INFO - 输入内容: 原因1571993978
2019-10-25 17:00:37,851  - INFO - 清空文本框内容: #remarks...
2019-10-25 17:00:38,874  - INFO - 输入内容方式 by css selector: #remarks...
2019-10-25 17:00:38,874  - INFO - 输入内容: 备注1571993978
2019-10-25 17:00:41,936  - INFO - 点击元素 by css selector: #noFlowSaveAndClose > button.btn.btn-success...
2019-10-25 17:01:04,449  - INFO - 关闭浏览器窗口
2019-10-25 17:01:04,454  - INFO - 点击元素 by xpath: /html/body/div[3]/form/div[1]/div/div[3]/div[1]/ul/li[1]/i...
2019-10-25 17:02:09,094  - INFO - 清空文本框内容: #emailId...
2019-10-25 17:02:10,123  - INFO - 输入内容方式 by css selector: #emailId...
2019-10-25 17:02:10,123  - INFO - 输入内容: tianj
2019-10-25 17:02:12,161  - INFO - 清空文本框内容: #password...
2019-10-25 17:02:13,189  - INFO - 输入内容方式 by css selector: #password...
2019-10-25 17:02:13,189  - INFO - 输入内容: cetcwe123!
2019-10-25 17:02:15,226  - INFO - 点击元素 by css selector: #login-btn...
2019-10-25 17:02:22,979  - INFO - 点击元素 by css selector: #todo-section > a.more...
2019-10-25 17:02:25,299  - INFO - 清空文本框内容: #search_div_active > input...
2019-10-25 17:02:26,330  - INFO - 输入内容方式 by css selector: #search_div_active > input...
2019-10-25 17:02:26,330  - INFO - 输入内容: 测试1571993978
2019-10-25 17:02:28,380  - INFO - 点击元素 by css selector: #searchButton_active...
2019-10-25 17:02:30,666  - INFO - 点击元素 by css selector: [title=测试1571993978...
2019-10-25 17:02:47,953  - INFO - 点击元素 by css selector: #control2_view > button:nth-child(4)...
2019-10-25 17:02:50,426  - INFO - 页面已截图，截图的路径在项目: /screenshots路径下
