2019-10-25 16:56:00,327  - INFO - 选择的浏览器为: Firefox 浏览器
2019-10-25 16:56:00,327  - INFO - 打开的URL为: http://10.254.0.80:18080/webapp
2019-10-25 16:56:05,548  - INFO - 启动火狐浏览器
2019-10-25 16:56:06,380  - INFO - 打开URL: http://10.254.0.80:18080/webapp
2019-10-25 16:56:06,655  - INFO - 全屏当前窗口
2019-10-25 16:56:06,664  - INFO - 设置5秒隐式等待时间
2019-10-25 16:56:06,664  - INFO - 清空文本框内容: #emailId...
2019-10-25 16:56:07,695  - INFO - 输入内容方式 by css selector: #emailId...
2019-10-25 16:56:07,695  - INFO - 输入内容: tianjie
2019-10-25 16:56:09,745  - INFO - 清空文本框内容: #password...
2019-10-25 16:56:10,772  - INFO - 输入内容方式 by css selector: #password...
2019-10-25 16:56:10,773  - INFO - 输入内容: cetcwe123!
2019-10-25 16:56:12,825  - INFO - 点击元素 by css selector: #login-btn...
2019-10-25 16:56:23,467  - INFO - 点击元素 by css selector: body > div.container.normaluser > form > div.usercontent.container-fluid > div > div.col-md-1.leftarea > div.nav > ul > li:nth-child(4) > a...
2019-10-25 16:56:30,653  - INFO - 点击元素 by css selector: #itemsList...
2019-10-25 16:56:33,715  - INFO - 清空文本框内容: #searchForm_itemsList > div > input...
2019-10-25 16:56:34,745  - INFO - 输入内容方式 by css selector: #searchForm_itemsList > div > input...
2019-10-25 16:56:34,745  - INFO - 输入内容: 无违法违纪证明申请
2019-10-25 16:56:36,858  - INFO - 点击元素 by css selector: [title="无违法违纪证明申请"]...
2019-10-25 16:56:41,923  - INFO - 点击元素 by css selector: #handle...
2019-10-25 16:56:47,328  - INFO - 清空文本框内容: #docTitle...
2019-10-25 16:56:48,356  - INFO - 输入内容方式 by css selector: #docTitle...
2019-10-25 16:56:48,356  - INFO - 输入内容: 测试1571993760
2019-10-25 16:56:50,419  - INFO - 清空文本框内容: #legalRepresentative...
2019-10-25 16:56:51,447  - INFO - 输入内容方式 by css selector: #legalRepresentative...
2019-10-25 16:56:51,447  - INFO - 输入内容: 法人1571993760
2019-10-25 16:56:53,517  - INFO - 清空文本框内容: #unitAddress...
2019-10-25 16:56:54,551  - INFO - 输入内容方式 by css selector: #unitAddress...
2019-10-25 16:56:54,551  - INFO - 输入内容: 地址1571993760
2019-10-25 16:56:56,619  - INFO - 清空文本框内容: #reasonApplication...
2019-10-25 16:56:57,652  - INFO - 输入内容方式 by css selector: #reasonApplication...
2019-10-25 16:56:57,652  - INFO - 输入内容: 原因1571993760
2019-10-25 16:56:59,710  - INFO - 清空文本框内容: #remarks...
2019-10-25 16:57:00,754  - INFO - 输入内容方式 by css selector: #remarks...
2019-10-25 16:57:00,754  - INFO - 输入内容: 备注1571993760
2019-10-25 16:57:03,811  - INFO - 点击元素 by css selector: #noFlowSaveAndClose > button.btn.btn-success...
2019-10-25 16:57:26,175  - INFO - 关闭浏览器窗口
2019-10-25 16:57:26,183  - INFO - 点击元素 by xpath: /html/body/div[3]/form/div[1]/div/div[3]/div[1]/ul/li[1]/i...
2019-10-25 16:58:30,705  - INFO - 清空文本框内容: #emailId...
2019-10-25 16:58:31,735  - INFO - 输入内容方式 by css selector: #emailId...
2019-10-25 16:58:31,735  - INFO - 输入内容: tianj
2019-10-25 16:58:33,771  - INFO - 清空文本框内容: #password...
2019-10-25 16:58:34,801  - INFO - 输入内容方式 by css selector: #password...
2019-10-25 16:58:34,801  - INFO - 输入内容: cetcwe123!
2019-10-25 16:58:36,840  - INFO - 点击元素 by css selector: #login-btn...
2019-10-25 16:58:44,588  - INFO - 点击元素 by css selector: #todo-section > a.more...
2019-10-25 16:58:46,816  - INFO - 清空文本框内容: #search_div_active > input...
2019-10-25 16:58:47,841  - INFO - 输入内容方式 by css selector: #search_div_active > input...
2019-10-25 16:58:47,841  - INFO - 输入内容: 测试1571993760
2019-10-25 16:58:49,891  - INFO - 点击元素 by css selector: #searchButton_active...
2019-10-25 16:58:52,145  - INFO - 点击元素 by css selector: [title=测试1571993760...
