2019-10-25 15:37:57,722  - INFO - 选择的浏览器为: Firefox 浏览器
2019-10-25 15:37:57,723  - INFO - 打开的URL为: http://10.254.0.80:18080/webapp
2019-10-25 15:38:03,433  - INFO - 启动火狐浏览器
2019-10-25 15:38:06,037  - INFO - 打开URL: http://10.254.0.80:18080/webapp
2019-10-25 15:38:06,353  - INFO - 全屏当前窗口
2019-10-25 15:38:06,355  - INFO - 设置5秒隐式等待时间
2019-10-25 15:38:11,356  - INFO - 清空文本框内容: #emailId...
2019-10-25 15:38:12,392  - INFO - 输入内容方式 by css selector: #emailId...
2019-10-25 15:38:12,392  - INFO - 输入内容: tianj
2019-10-25 15:38:14,451  - INFO - 清空文本框内容: #password...
2019-10-25 15:38:15,483  - INFO - 输入内容方式 by css selector: #password...
2019-10-25 15:38:15,484  - INFO - 输入内容: cetcwe123!
2019-10-25 15:38:17,544  - INFO - 点击元素 by css selector: #login-btn...
2019-10-25 15:38:25,804  - INFO - 点击元素 by css selector: #todo-section > a.more...
2019-10-25 15:38:28,554  - INFO - 清空文本框内容: #search_div_active > input...
2019-10-25 15:38:35,534  - INFO - 输入内容方式 by css selector: #search_div_active > input...
2019-10-25 15:38:35,534  - INFO - 输入内容: 测试1571988312
2019-10-25 15:38:37,596  - INFO - 点击元素 by css selector: #searchButton_active...
2019-10-25 15:38:39,851  - INFO - 点击元素 by css selector: 测试1571988312...
2019-10-25 15:39:12,910  - WARNING - 查找元素超时: 测试1571988312
