2019-10-24 17:56:23,469  - INFO - 选择的浏览器为: Chrome 浏览器
2019-10-24 17:56:23,469  - INFO - 打开的URL为: http://10.254.0.80:18080/webapp
2019-10-24 17:56:28,635  - INFO - 启动谷歌浏览器
2019-10-24 17:56:29,834  - INFO - 打开URL: http://10.254.0.80:18080/webapp
2019-10-24 17:56:33,976  - INFO - 全屏当前窗口
2019-10-24 17:56:33,977  - INFO - 设置5秒隐式等待时间
2019-10-24 17:56:33,977  - INFO - 清空文本框内容: #emailId...
2019-10-24 17:56:35,044  - INFO - 输入内容方式 by css selector: #emailId...
2019-10-24 17:56:35,044  - INFO - 输入内容: tianjie
2019-10-24 17:56:37,146  - INFO - 清空文本框内容: #password...
2019-10-24 17:56:38,199  - INFO - 输入内容方式 by css selector: #password...
2019-10-24 17:56:38,200  - INFO - 输入内容: cetcwe123!
2019-10-24 17:56:40,308  - INFO - 点击元素 by css selector: #login-btn...
2019-10-24 17:56:47,380  - INFO - 点击元素 by css selector: body > div.container.normaluser > form > div.usercontent.container-fluid > div > div.col-md-1.leftarea > div.nav > ul > li:nth-child(4) > a...
2019-10-24 17:56:54,542  - INFO - 点击元素 by css selector: #itemsList...
2019-10-24 17:57:00,797  - INFO - 清空文本框内容: #searchForm_itemsList > div > input...
2019-10-24 17:57:01,848  - INFO - 输入内容方式 by css selector: #searchForm_itemsList > div > input...
2019-10-24 17:57:01,848  - INFO - 输入内容: 无违法违纪证明申请
2019-10-24 17:57:04,012  - INFO - 点击元素 by css selector: [title="无违法违纪证明申请"]...
2019-10-24 17:57:13,305  - INFO - 点击元素 by css selector: #handle...
2019-10-24 17:57:22,537  - INFO - 清空文本框内容: #docTitle...
2019-10-24 17:57:23,592  - INFO - 输入内容方式 by css selector: #docTitle...
2019-10-24 17:57:23,592  - INFO - 输入内容: 测试1571910983
2019-10-24 17:57:25,791  - INFO - 清空文本框内容: #legalRepresentative...
2019-10-24 17:57:26,840  - INFO - 输入内容方式 by css selector: #legalRepresentative...
2019-10-24 17:57:26,840  - INFO - 输入内容: 法人1571910983
2019-10-24 17:57:29,008  - INFO - 清空文本框内容: #unitAddress...
2019-10-24 17:57:30,058  - INFO - 输入内容方式 by css selector: #unitAddress...
2019-10-24 17:57:30,058  - INFO - 输入内容: 地址1571910983
2019-10-24 17:57:32,200  - INFO - 清空文本框内容: #reasonApplication...
2019-10-24 17:57:33,255  - INFO - 输入内容方式 by css selector: #reasonApplication...
2019-10-24 17:57:33,255  - INFO - 输入内容: 原因1571910983
2019-10-24 17:57:35,372  - INFO - 清空文本框内容: #remarks...
2019-10-24 17:57:36,424  - INFO - 输入内容方式 by css selector: #remarks...
2019-10-24 17:57:36,424  - INFO - 输入内容: 备注1571910983
2019-10-24 17:57:39,524  - INFO - 点击元素 by css selector: #noFlowSaveAndClose > button.btn.btn-success...
2019-10-24 17:58:01,725  - INFO - 关闭浏览器窗口
2019-10-24 17:58:01,733  - INFO - 点击元素 by xpath: /html/body/div[3]/form/div[1]/div/div[3]/div[1]/ul/li[1]/i...
2019-10-24 18:00:06,742  - INFO - 清空文本框内容: #emailId...
2019-10-24 18:00:07,796  - INFO - 输入内容方式 by css selector: #emailId...
2019-10-24 18:00:07,796  - INFO - 输入内容: tianj
2019-10-24 18:00:09,885  - INFO - 清空文本框内容: #password...
2019-10-24 18:00:10,937  - INFO - 输入内容方式 by css selector: #password...
2019-10-24 18:00:10,937  - INFO - 输入内容: cetcwe123!
2019-10-24 18:00:13,030  - INFO - 点击元素 by css selector: #login-btn...
2019-10-24 18:00:20,122  - INFO - 点击元素 by css selector: #todo-section > a.more...
2019-10-24 18:00:26,277  - INFO - 清空文本框内容: #search_div_active > input...
2019-10-24 18:00:27,333  - INFO - 输入内容方式 by css selector: #search_div_active > input...
2019-10-24 18:00:27,333  - INFO - 输入内容: 测试1571910983
2019-10-24 18:00:29,448  - INFO - 点击元素 by css selector: #searchButton_active...
2019-10-24 18:00:31,527  - INFO - 点击元素 by css selector: [title=测试1571910983...
2019-10-24 18:00:42,674  - INFO - 点击元素 by css selector: #control2_view > button:nth-child(4)...
