2019-10-25 15:25:12,277  - INFO - 选择的浏览器为: Firefox 浏览器
2019-10-25 15:25:12,277  - INFO - 打开的URL为: http://10.254.0.80:18080/webapp
2019-10-25 15:25:17,385  - INFO - 启动火狐浏览器
2019-10-25 15:25:18,505  - INFO - 打开URL: http://10.254.0.80:18080/webapp
2019-10-25 15:25:18,819  - INFO - 全屏当前窗口
2019-10-25 15:25:18,821  - INFO - 设置5秒隐式等待时间
2019-10-25 15:25:18,821  - INFO - 清空文本框内容: #emailId...
2019-10-25 15:25:19,852  - INFO - 输入内容方式 by css selector: #emailId...
2019-10-25 15:25:19,852  - INFO - 输入内容: tianjie
2019-10-25 15:25:21,903  - INFO - 清空文本框内容: #password...
2019-10-25 15:25:22,930  - INFO - 输入内容方式 by css selector: #password...
2019-10-25 15:25:22,930  - INFO - 输入内容: cetcwe123!
2019-10-25 15:25:24,971  - INFO - 点击元素 by css selector: #login-btn...
2019-10-25 15:25:40,642  - INFO - 点击元素 by css selector: body > div.container.normaluser > form > div.usercontent.container-fluid > div > div.col-md-1.leftarea > div.nav > ul > li:nth-child(4) > a...
2019-10-25 15:25:48,004  - INFO - 点击元素 by css selector: #itemsList...
2019-10-25 15:25:51,057  - INFO - 清空文本框内容: #searchForm_itemsList > div > input...
2019-10-25 15:25:52,116  - INFO - 输入内容方式 by css selector: #searchForm_itemsList > div > input...
2019-10-25 15:25:52,116  - INFO - 输入内容: 无违法违纪证明申请
2019-10-25 15:25:54,225  - INFO - 点击元素 by css selector: [title="无违法违纪证明申请"]...
2019-10-25 15:25:59,299  - INFO - 点击元素 by css selector: #handle...
2019-10-25 15:26:04,669  - INFO - 清空文本框内容: #docTitle...
2019-10-25 15:26:05,698  - INFO - 输入内容方式 by css selector: #docTitle...
2019-10-25 15:26:05,698  - INFO - 输入内容: 测试1571988312
2019-10-25 15:26:07,759  - INFO - 清空文本框内容: #legalRepresentative...
2019-10-25 15:26:08,787  - INFO - 输入内容方式 by css selector: #legalRepresentative...
2019-10-25 15:26:08,787  - INFO - 输入内容: 法人1571988312
2019-10-25 15:26:10,857  - INFO - 清空文本框内容: #unitAddress...
2019-10-25 15:26:11,885  - INFO - 输入内容方式 by css selector: #unitAddress...
2019-10-25 15:26:11,885  - INFO - 输入内容: 地址1571988312
2019-10-25 15:26:13,979  - INFO - 清空文本框内容: #reasonApplication...
2019-10-25 15:26:15,005  - INFO - 输入内容方式 by css selector: #reasonApplication...
2019-10-25 15:26:15,005  - INFO - 输入内容: 原因1571988312
2019-10-25 15:26:17,066  - INFO - 清空文本框内容: #remarks...
2019-10-25 15:26:18,091  - INFO - 输入内容方式 by css selector: #remarks...
2019-10-25 15:26:18,091  - INFO - 输入内容: 备注1571988312
2019-10-25 15:26:21,151  - INFO - 点击元素 by css selector: #noFlowSaveAndClose > button.btn.btn-success...
2019-10-25 15:26:43,559  - INFO - 关闭浏览器窗口
2019-10-25 15:26:43,565  - INFO - 点击元素 by xpath: /html/body/div[3]/form/div[1]/div/div[3]/div[1]/ul/li[1]/i...
2019-10-25 15:27:48,291  - INFO - 清空文本框内容: #emailId...
2019-10-25 15:27:49,323  - INFO - 输入内容方式 by css selector: #emailId...
2019-10-25 15:27:49,323  - INFO - 输入内容: tianj
2019-10-25 15:27:51,361  - INFO - 清空文本框内容: #password...
2019-10-25 15:27:52,397  - INFO - 输入内容方式 by css selector: #password...
2019-10-25 15:27:52,397  - INFO - 输入内容: cetcwe123!
2019-10-25 15:27:54,438  - INFO - 点击元素 by css selector: #login-btn...
2019-10-25 15:28:03,086  - INFO - 点击元素 by css selector: #todo-section > a.more...
2019-10-25 15:28:05,350  - INFO - 清空文本框内容: #search_div_active > input...
2019-10-25 15:28:07,088  - INFO - 输入内容方式 by css selector: #search_div_active > input...
2019-10-25 15:28:07,088  - INFO - 输入内容: 测试1571988312
2019-10-25 15:28:09,136  - INFO - 点击元素 by css selector: #searchButton_active...
2019-10-25 15:28:11,398  - INFO - 点击元素 by css selector: [title=测试1571988312...
