2019-10-24 20:00:13,810  - INFO - 选择的浏览器为: Chrome 浏览器
2019-10-24 20:00:13,811  - INFO - 打开的URL为: http://10.254.0.80:18080/webapp
2019-10-24 20:00:18,944  - INFO - 启动谷歌浏览器
2019-10-24 20:00:19,763  - INFO - 打开URL: http://10.254.0.80:18080/webapp
2019-10-24 20:00:23,898  - INFO - 全屏当前窗口
2019-10-24 20:00:23,899  - INFO - 设置5秒隐式等待时间
2019-10-24 20:00:23,899  - INFO - 清空文本框内容: #emailId...
2019-10-24 20:00:24,962  - INFO - 输入内容方式 by css selector: #emailId...
2019-10-24 20:00:24,962  - INFO - 输入内容: tianjie
2019-10-24 20:00:27,060  - INFO - 清空文本框内容: #password...
2019-10-24 20:00:28,107  - INFO - 输入内容方式 by css selector: #password...
2019-10-24 20:00:28,108  - INFO - 输入内容: cetcwe123!
2019-10-24 20:00:30,201  - INFO - 点击元素 by css selector: #login-btn...
2019-10-24 20:00:37,296  - INFO - 点击元素 by css selector: body > div.container.normaluser > form > div.usercontent.container-fluid > div > div.col-md-1.leftarea > div.nav > ul > li:nth-child(4) > a...
2019-10-24 20:00:47,432  - INFO - 点击元素 by css selector: #itemsList...
2019-10-24 20:01:36,958  - INFO - 清空文本框内容: #searchForm_itemsList > div > input...
2019-10-24 20:01:38,012  - INFO - 输入内容方式 by css selector: #searchForm_itemsList > div > input...
2019-10-24 20:01:38,012  - INFO - 输入内容: 无违法违纪证明申请
2019-10-24 20:01:40,156  - INFO - 点击元素 by css selector: [title="无违法违纪证明申请"]...
2019-10-24 20:02:34,386  - INFO - 点击元素 by css selector: #handle...
2019-10-24 20:02:43,653  - INFO - 清空文本框内容: #docTitle...
2019-10-24 20:02:44,705  - INFO - 输入内容方式 by css selector: #docTitle...
2019-10-24 20:02:44,705  - INFO - 输入内容: 测试1571918413
2019-10-24 20:02:46,868  - INFO - 清空文本框内容: #legalRepresentative...
2019-10-24 20:02:47,920  - INFO - 输入内容方式 by css selector: #legalRepresentative...
2019-10-24 20:02:47,920  - INFO - 输入内容: 法人1571918413
2019-10-24 20:02:50,066  - INFO - 清空文本框内容: #unitAddress...
2019-10-24 20:02:51,127  - INFO - 输入内容方式 by css selector: #unitAddress...
2019-10-24 20:02:51,127  - INFO - 输入内容: 地址1571918413
2019-10-24 20:02:53,288  - INFO - 清空文本框内容: #reasonApplication...
2019-10-24 20:02:54,335  - INFO - 输入内容方式 by css selector: #reasonApplication...
2019-10-24 20:02:54,335  - INFO - 输入内容: 原因1571918413
2019-10-24 20:02:56,451  - INFO - 清空文本框内容: #remarks...
2019-10-24 20:02:57,499  - INFO - 输入内容方式 by css selector: #remarks...
2019-10-24 20:02:57,499  - INFO - 输入内容: 备注1571918413
2019-10-24 20:03:00,590  - INFO - 点击元素 by css selector: #noFlowSaveAndClose > button.btn.btn-success...
2019-10-24 20:03:25,121  - INFO - 关闭浏览器窗口
2019-10-24 20:03:25,131  - INFO - 点击元素 by xpath: /html/body/div[3]/form/div[1]/div/div[3]/div[1]/ul/li[1]/i...
2019-10-24 20:05:30,164  - INFO - 清空文本框内容: #emailId...
2019-10-24 20:05:31,224  - INFO - 输入内容方式 by css selector: #emailId...
2019-10-24 20:05:31,224  - INFO - 输入内容: tianj
2019-10-24 20:05:33,317  - INFO - 清空文本框内容: #password...
2019-10-24 20:05:34,385  - INFO - 输入内容方式 by css selector: #password...
2019-10-24 20:05:34,385  - INFO - 输入内容: cetcwe123!
2019-10-24 20:05:36,490  - INFO - 点击元素 by css selector: #login-btn...
2019-10-24 20:05:43,569  - INFO - 点击元素 by css selector: #todo-section > a.more...
2019-10-24 20:05:49,727  - INFO - 清空文本框内容: #search_div_active > input...
2019-10-24 20:05:50,777  - INFO - 输入内容方式 by css selector: #search_div_active > input...
2019-10-24 20:05:50,777  - INFO - 输入内容: 测试1571918413
2019-10-24 20:05:52,899  - INFO - 点击元素 by css selector: #searchButton_active...
2019-10-24 20:05:54,993  - INFO - 点击元素 by css selector: [title=测试1571918413...
2019-10-24 20:06:06,121  - INFO - 点击元素 by css selector: #control2_view > button:nth-child(4)...
2019-10-24 20:06:08,787  - INFO - 页面已截图，截图的路径在项目: /screenshots路径下
